[load] 43,061 rows in output/gdelt_sv_urls.csv
[resume] 2 URLs already scraped in output/gdelt_sv_articles.csv
[queue] 43,059 URLs to scrape  (2 already done)

Scraping with 10 workers → output/gdelt_sv_articles.csv

      50/43059  saved=27  skipped=25  2.7/s  ETA 269min
     100/43059  saved=54  skipped=48  2.3/s  ETA 315min
     150/43059  saved=83  skipped=69  2.6/s  ETA 275min
     200/43059  saved=116  skipped=86  2.7/s  ETA 266min
     250/43059  saved=166  skipped=86  2.9/s  ETA 247min
     300/43059  saved=216  skipped=86  3.0/s  ETA 238min
     350/43059  saved=265  skipped=87  3.0/s  ETA 240min
     400/43059  saved=315  skipped=87  2.6/s  ETA 274min
     450/43059  saved=364  skipped=88  2.6/s  ETA 269min
     500/43059  saved=414  skipped=88  2.6/s  ETA 275min
     550/43059  saved=464  skipped=88  2.6/s  ETA 267min
     600/43059  saved=514  skipped=88  2.7/s  ETA 263min
     650/43059  saved=564  skipped=88  2.7/s  ETA 259min
     700/43059  saved=614  skipped=88  2.7/s  ETA 257min
     750/43059  saved=664  skipped=88  2.8/s  ETA 256min
     800/43059  saved=714  skipped=88  2.8/s  ETA 254min
     850/43059  saved=764  skipped=88  2.8/s  ETA 252min
     900/43059  saved=813  skipped=89  2.8/s  ETA 251min
     950/43059  saved=863  skipped=89  2.8/s  ETA 249min
    1000/43059  saved=913  skipped=89  2.8/s  ETA 249min
    1050/43059  saved=963  skipped=89  2.9/s  ETA 245min
    1100/43059  saved=1,013  skipped=89  2.9/s  ETA 241min
    1150/43059  saved=1,063  skipped=89  2.9/s  ETA 242min
    1200/43059  saved=1,113  skipped=89  2.9/s  ETA 239min
    1250/43059  saved=1,163  skipped=89  2.9/s  ETA 239min
    1300/43059  saved=1,212  skipped=90  2.9/s  ETA 237min
    1350/43059  saved=1,262  skipped=90  2.9/s  ETA 239min
    1400/43059  saved=1,312  skipped=90  2.9/s  ETA 238min
    1450/43059  saved=1,362  skipped=90  2.9/s  ETA 237min
    1500/43059  saved=1,412  skipped=90  2.9/s  ETA 238min
    1550/43059  saved=1,462  skipped=90  2.9/s  ETA 235min
    1600/43059  saved=1,512  skipped=90  2.9/s  ETA 235min
    1650/43059  saved=1,558  skipped=94  2.9/s  ETA 235min
    1700/43059  saved=1,600  skipped=102  3.0/s  ETA 233min
    1750/43059  saved=1,644  skipped=108  3.0/s  ETA 233min
    1800/43059  saved=1,693  skipped=109  3.0/s  ETA 233min
    1850/43059  saved=1,741  skipped=111  3.0/s  ETA 232min
    1900/43059  saved=1,789  skipped=113  3.0/s  ETA 230min
    1950/43059  saved=1,835  skipped=117  3.0/s  ETA 229min
    2000/43059  saved=1,881  skipped=121  3.0/s  ETA 227min
    2050/43059  saved=1,928  skipped=124  3.0/s  ETA 225min
    2100/43059  saved=1,965  skipped=137  3.1/s  ETA 222min
    2150/43059  saved=2,007  skipped=145  3.1/s  ETA 222min
    2200/43059  saved=2,050  skipped=152  3.1/s  ETA 220min
    2250/43059  saved=2,096  skipped=156  3.1/s  ETA 219min
    2300/43059  saved=2,144  skipped=158  3.1/s  ETA 219min
    2350/43059  saved=2,189  skipped=163  3.1/s  ETA 217min
    2400/43059  saved=2,228  skipped=174  3.2/s  ETA 215min
    2450/43059  saved=2,272  skipped=180  3.2/s  ETA 214min
    2500/43059  saved=2,316  skipped=186  3.2/s  ETA 212min
    2550/43059  saved=2,359  skipped=193  3.2/s  ETA 211min
    2600/43059  saved=2,402  skipped=200  3.2/s  ETA 211min
    2650/43059  saved=2,445  skipped=207  3.2/s  ETA 209min
    2700/43059  saved=2,490  skipped=212  3.2/s  ETA 208min
    2750/43059  saved=2,535  skipped=217  3.3/s  ETA 207min
    2800/43059  saved=2,578  skipped=224  3.3/s  ETA 205min
    2850/43059  saved=2,626  skipped=226  3.3/s  ETA 204min
    2900/43059  saved=2,666  skipped=236  3.3/s  ETA 202min
    2950/43059  saved=2,707  skipped=245  3.3/s  ETA 201min
    3000/43059  saved=2,752  skipped=250  3.3/s  ETA 199min
    3050/43059  saved=2,793  skipped=259  3.4/s  ETA 198min
    3100/43059  saved=2,834  skipped=268  3.4/s  ETA 198min
    3150/43059  saved=2,879  skipped=273  3.4/s  ETA 197min
    3200/43059  saved=2,925  skipped=277  3.4/s  ETA 196min
    3250/43059  saved=2,969  skipped=283  3.4/s  ETA 196min
    3300/43059  saved=3,013  skipped=289  3.4/s  ETA 195min
    3350/43059  saved=3,058  skipped=294  3.4/s  ETA 194min
    3400/43059  saved=3,097  skipped=305  3.4/s  ETA 193min
    3450/43059  saved=3,138  skipped=314  3.4/s  ETA 192min
    3500/43059  saved=3,181  skipped=321  3.5/s  ETA 191min
    3550/43059  saved=3,222  skipped=330  3.5/s  ETA 189min
    3600/43059  saved=3,264  skipped=338  3.5/s  ETA 188min
    3650/43059  saved=3,302  skipped=350  3.5/s  ETA 187min
    3700/43059  saved=3,348  skipped=354  3.5/s  ETA 186min
    3750/43059  saved=3,395  skipped=357  3.5/s  ETA 186min
    3800/43059  saved=3,438  skipped=364  3.5/s  ETA 186min
    3850/43059  saved=3,478  skipped=374  3.5/s  ETA 188min
    3900/43059  saved=3,515  skipped=387  3.5/s  ETA 188min
    3950/43059  saved=3,552  skipped=400  3.5/s  ETA 187min
    4000/43059  saved=3,599  skipped=403  3.5/s  ETA 186min
    4050/43059  saved=3,642  skipped=410  3.5/s  ETA 185min
    4100/43059  saved=3,684  skipped=418  3.5/s  ETA 184min
    4150/43059  saved=3,731  skipped=421  3.5/s  ETA 183min
    4200/43059  saved=3,778  skipped=424  3.5/s  ETA 183min
    4250/43059  saved=3,823  skipped=429  3.5/s  ETA 182min
    4300/43059  saved=3,862  skipped=440  3.6/s  ETA 181min
    4350/43059  saved=3,908  skipped=444  3.6/s  ETA 180min
    4400/43059  saved=3,948  skipped=454  3.6/s  ETA 179min
    4450/43059  saved=3,992  skipped=460  3.6/s  ETA 178min
    4500/43059  saved=4,040  skipped=462  3.6/s  ETA 178min
    4550/43059  saved=4,085  skipped=467  3.6/s  ETA 178min
    4600/43059  saved=4,133  skipped=469  3.6/s  ETA 177min
    4650/43059  saved=4,177  skipped=475  3.6/s  ETA 177min
    4700/43059  saved=4,223  skipped=479  3.6/s  ETA 177min
    4750/43059  saved=4,267  skipped=485  3.6/s  ETA 176min
    4800/43059  saved=4,312  skipped=490  3.6/s  ETA 176min
    4850/43059  saved=4,357  skipped=495  3.6/s  ETA 175min
    4900/43059  saved=4,401  skipped=501  3.6/s  ETA 175min
    4950/43059  saved=4,446  skipped=506  3.6/s  ETA 174min
    5000/43059  saved=4,488  skipped=514  3.7/s  ETA 173min
    5050/43059  saved=4,531  skipped=521  3.7/s  ETA 172min
    5100/43059  saved=4,574  skipped=528  3.7/s  ETA 172min
    5150/43059  saved=4,619  skipped=533  3.7/s  ETA 171min
    5200/43059  saved=4,663  skipped=539  3.7/s  ETA 171min
    5250/43059  saved=4,706  skipped=546  3.7/s  ETA 170min
    5300/43059  saved=4,740  skipped=562  3.7/s  ETA 169min
    5350/43059  saved=4,782  skipped=570  3.7/s  ETA 169min
    5400/43059  saved=4,827  skipped=575  3.7/s  ETA 168min
    5450/43059  saved=4,871  skipped=581  3.7/s  ETA 168min
    5500/43059  saved=4,916  skipped=586  3.7/s  ETA 167min
    5550/43059  saved=4,960  skipped=592  3.8/s  ETA 167min
    5600/43059  saved=5,004  skipped=598  3.8/s  ETA 166min
    5650/43059  saved=5,044  skipped=608  3.8/s  ETA 165min
    5700/43059  saved=5,088  skipped=614  3.8/s  ETA 165min
    5750/43059  saved=5,137  skipped=615  3.8/s  ETA 164min
    5800/43059  saved=5,179  skipped=623  3.8/s  ETA 164min
    5850/43059  saved=5,218  skipped=634  3.8/s  ETA 163min
    5900/43059  saved=5,259  skipped=643  3.8/s  ETA 162min
    5950/43059  saved=5,304  skipped=648  3.8/s  ETA 162min
    6000/43059  saved=5,347  skipped=655  3.8/s  ETA 161min
    6050/43059  saved=5,384  skipped=668  3.8/s  ETA 160min
    6100/43059  saved=5,420  skipped=682  3.9/s  ETA 160min
    6150/43059  saved=5,462  skipped=690  3.9/s  ETA 159min
    6200/43059  saved=5,507  skipped=695  3.9/s  ETA 158min
    6250/43059  saved=5,547  skipped=705  3.9/s  ETA 158min
    6300/43059  saved=5,587  skipped=715  3.9/s  ETA 157min
    6350/43059  saved=5,627  skipped=725  3.9/s  ETA 157min
    6400/43059  saved=5,657  skipped=745  3.9/s  ETA 157min
    6450/43059  saved=5,691  skipped=761  3.9/s  ETA 157min
    6500/43059  saved=5,725  skipped=777  3.9/s  ETA 157min
    6550/43059  saved=5,755  skipped=797  3.9/s  ETA 158min
    6600/43059  saved=5,782  skipped=820  3.9/s  ETA 158min
    6650/43059  saved=5,818  skipped=834  3.8/s  ETA 158min
    6700/43059  saved=5,843  skipped=859  3.8/s  ETA 158min
    6750/43059  saved=5,870  skipped=882  3.8/s  ETA 
    6
    6800/43059  saved=5,898  skipped=904  3.8/s  ETA 158min
    6850/43059  saved=5,930  skipped=922  3.8/s  ETA 158min
    6900/43059  saved=5,958  skipped=944  3.8/s  ETA 159min
    6950/43059  saved=5,986  skipped=966  3.8/s  ETA 159min
    7000/43059  saved=6,015  skipped=987  3.8/s  ETA 159min
    7050/43059  saved=6,041  skipped=1,011  3.8/s  ETA 159min
    7100/43059  saved=6,068  skipped=1,034  3.8/s  ETA 158min
    7150/43059  saved=6,092  skipped=1,060  3.8/s  ETA 158min
    7200/43059  saved=6,119  skipped=1,083  3.8/s  ETA 158min
    7250/43059  saved=6,149  skipped=1,103  3.8/s  ETA 158min
    7300/43059  saved=6,178  skipped=1,124  3.8/s  ETA 158min
    7350/43059  saved=6,202  skipped=1,150  3.8/s  ETA 158min
    7400/43059  saved=6,231  skipped=1,171  3.8/s  ETA 158min
    7450/43059  saved=6,258  skipped=1,194  3.8/s  ETA 158min
    7500/43059  saved=6,286  skipped=1,216  3.7/s  ETA 158min
    7550/43059  saved=6,318  skipped=1,234  3.7/s  ETA 158min
    7600/43059  saved=6,347  skipped=1,255  3.7/s  ETA 158min
    7650/43059  saved=6,366  skipped=1,286  3.7/s  ETA 159min
    7700/43059  saved=6,393  skipped=1,309  3.7/s  ETA 159min
    7750/43059  saved=6,431  skipped=1,321  3.7/s  ETA 159min
    7800/43059  saved=6,470  skipped=1,332  3.7/s  ETA 159min
    7850/43059  saved=6,498  skipped=1,354  3.7/s  ETA 159min
    7900/43059  saved=6,530  skipped=1,372  3.7/s  ETA 159min
    7950/43059  saved=6,572  skipped=1,380  3.7/s  ETA 159min
    8000/43059  saved=6,605  skipped=1,397  3.7/s  ETA 159min
    8050/43059  saved=6,644  skipped=1,408  3.7/s  ETA 159min
    8100/43059  saved=6,679  skipped=1,423  3.7/s  ETA 159min
    8150/43059  saved=6,695  skipped=1,457  3.6/s  ETA 160min
    8200/43059  saved=6,716  skipped=1,486  3.6/s  ETA 160min
    8250/43059  saved=6,728  skipped=1,524  3.6/s  ETA 160min
    8300/43059  saved=6,741  skipped=1,561  3.6/s  ETA 160min
    8350/43059  saved=6,762  skipped=1,590  3.6/s  ETA 160min
    8400/43059  saved=6,778  skipped=1,624  3.6/s  ETA 159min
    8450/43059  saved=6,799  skipped=1,653  3.6/s  ETA 159min
    8500/43059  saved=6,830  skipped=1,672  3.6/s  ETA 159min
    8550/43059  saved=6,861  skipped=1,691  3.6/s  ETA 160min
    8600/43059  saved=6,885  skipped=1,717  3.6/s  ETA 159min
    8650/43059  saved=6,911  skipped=1,741  3.6/s  ETA 159min
    8700/43059  saved=6,938  skipped=1,764  3.6/s  ETA 159min
    8750/43059  saved=6,970  skipped=1,782  3.6/s  ETA 159min
    8800/43059  saved=7,015  skipped=1,787  3.6/s  ETA 159min
    8850/43059  saved=7,052  skipped=1,800  3.6/s  ETA 160min
    8900/43059  saved=7,094  skipped=1,808  3.6/s  ETA 160min
    8950/43059  saved=7,140  skipped=1,812  3.5/s  ETA 162min
    9000/43059  saved=7,186  skipped=1,816  3.5/s  ETA 162min
    9050/43059  saved=7,236  skipped=1,816  3.5/s  ETA 163min
    9100/43059  saved=7,286  skipped=1,816  3.5/s  ETA 163min
    9150/43059  saved=7,336  skipped=1,816  3.5/s  ETA 163min
    9200/43059  saved=7,385  skipped=1,817  3.4/s  ETA 164min
    9250/43059  saved=7,432  skipped=1,820  3.4/s  ETA 164min
    9300/43059  saved=7,479  skipped=1,823  3.4/s  ETA 164min
    9350/43059  saved=7,525  skipped=1,827  3.4/s  ETA 165min
    9400/43059  saved=7,573  skipped=1,829  3.4/s  ETA 165min
    9450/43059  saved=7,619  skipped=1,833  3.4/s  ETA 166min
    9500/43059  saved=7,666  skipped=1,836  3.4/s  ETA 166min
    9550/43059  saved=7,712  skipped=1,840  3.3/s  ETA 167min
    9600/43059  saved=7,760  skipped=1,842  3.3/s  ETA 168min
    9650/43059  saved=7,807  skipped=1,845  3.3/s  ETA 168min
    9700/43059  saved=7,850  skipped=1,852  3.3/s  ETA 169min
    9750/43059  saved=7,896  skipped=1,856  3.3/s  ETA 169min
    9800/43059  saved=7,941  skipped=1,861  3.3/s  ETA 169min
    9850/43059  saved=7,986  skipped=1,866  3.3/s  ETA 170min
    9900/43059  saved=8,035  skipped=1,867  3.3/s  ETA 170min
    9950/43059  saved=8,077  skipped=1,875  3.2/s  ETA 170min
   10000/43059  saved=8,121  skipped=1,881  3.2/s  ETA 171min
   10050/43059  saved=8,163  skipped=1,889  3.2/s  ETA 171min
   10100/43059  saved=8,209  skipped=1,893  3.2/s  ETA 172min
   10150/43059  saved=8,253  skipped=1,899  3.2/s  ETA 172min
   10200/43059  saved=8,295  skipped=1,907  3.2/s  ETA 172min
   10250/43059  saved=8,338  skipped=1,914  3.2/s  ETA 172min
   10300/43059  saved=8,382  skipped=1,920  3.2/s  ETA 173min
   10350/43059  saved=8,430  skipped=1,922  3.2/s  ETA 173min
   10400/43059  saved=8,478  skipped=1,924  3.1/s  ETA 173min
   10450/43059  saved=8,521  skipped=1,931  3.1/s  ETA 173min
   10500/43059  saved=8,561  skipped=1,941  3.1/s  ETA 173min
   10550/43059  saved=8,607  skipped=1,945  3.1/s  ETA 174min
   10600/43059  saved=8,650  skipped=1,952  3.1/s  ETA 174min
   10650/43059  saved=8,697  skipped=1,955  3.1/s  ETA 174min
   10700/43059  saved=8,737  skipped=1,965  3.1/s  ETA 174min
   10750/43059  saved=8,778  skipped=1,974  3.1/s  ETA 174min
   10800/43059  saved=8,820  skipped=1,982  3.1/s  ETA 174min
   10850/43059  saved=8,864  skipped=1,988  3.1/s  ETA 175min
   10900/43059  saved=8,908  skipped=1,994  3.1/s  ETA 175min
   10950/43059  saved=8,954  skipped=1,998  3.1/s  ETA 175min
   11000/43059  saved=8,999  skipped=2,003  3.0/s  ETA 175min
   11050/43059  saved=9,046  skipped=2,006  3.0/s  ETA 175min
   11100/43059  saved=9,095  skipped=2,007  3.0/s  ETA 175min
   11150/43059  saved=9,140  skipped=2,012  3.0/s  ETA 176min
   11200/43059  saved=9,185  skipped=2,017  3.0/s  ETA 176min
   11250/43059  saved=9,234  skipped=2,018  3.0/s  ETA 176min
   11300/43059  saved=9,280  skipped=2,022  3.0/s  ETA 176min
   11350/43059  saved=9,327  skipped=2,025  3.0/s  ETA 176min
   11400/43059  saved=9,375  skipped=2,027  3.0/s  ETA 177min
   11450/43059  saved=9,425  skipped=2,027  3.0/s  ETA 177min
   11500/43059  saved=9,474  skipped=2,028  3.0/s  ETA 177min
   11550/43059  saved=9,522  skipped=2,030  3.0/s  ETA 177min
   11600/43059  saved=9,569  skipped=2,033  3.0/s  ETA 177min
   11650/43059  saved=9,618  skipped=2,034  3.0/s  ETA 177min
   11700/43059  saved=9,664  skipped=2,038  2.9/s  ETA 178min
   11750/43059  saved=9,711  skipped=2,041  2.9/s  ETA 178min
   11800/43059  saved=9,754  skipped=2,048  2.9/s  ETA 178min
   11850/43059  saved=9,798  skipped=2,054  2.9/s  ETA 178min
   11900/43059  saved=9,846  skipped=2,056  2.9/s  ETA 178min
   11950/43059  saved=9,894  skipped=2,058  2.9/s  ETA 179min
   12000/43059  saved=9,940  skipped=2,062  2.9/s  ETA 180min
   12050/43059  saved=9,987  skipped=2,065  2.9/s  ETA 180min
   12100/43059  saved=10,032  skipped=2,070  2.9/s  ETA 181min
   12150/43059  saved=10,077  skipped=2,075  2.8/s  ETA 181min
   12200/43059  saved=10,123  skipped=2,079  2.8/s  ETA 182min
   12250/43059  saved=10,134  skipped=2,118  2.8/s  ETA 181min
   12300/43059  saved=10,176  skipped=2,126  2.8/s  ETA 182min
   12350/43059  saved=10,219  skipped=2,133  2.8/s  ETA 182min
   12400/43059  saved=10,241  skipped=2,161  2.8/s  ETA 182min
   12450/43059  saved=10,262  skipped=2,190  2.8/s  ETA 182min
   12500/43059  saved=10,302  skipped=2,200  2.8/s  ETA 182min
   12550/43059  saved=10,324  skipped=2,228  2.8/s  ETA 182min
   12600/43059  saved=10,356  skipped=2,246  2.8/s  ETA 181min
   12650/43059  saved=10,379  skipped=2,273  2.8/s  ETA 182min
   12700/43059  saved=10,407  skipped=2,295  2.8/s  ETA 182min
   12750/43059  saved=10,428  skipped=2,324  2.8/s  ETA 181min
   12800/43059  saved=10,469  skipped=2,333  2.8/s  ETA 182min
   12850/43059  saved=10,481  skipped=2,371  2.8/s  ETA 181min
   12900/43059  saved=10,525  skipped=2,377  2.8/s  ETA 182min
   12950/43059  saved=10,565  skipped=2,387  2.8/s  ETA 182min
   13000/43059  saved=10,594  skipped=2,408  2.8/s  ETA 182min
   13050/43059  saved=10,633  skipped=2,419  2.7/s  ETA 182min
   13100/43059  saved=10,652  skipped=2,450  2.8/s  ETA 182min
   13150/43059  saved=10,688  skipped=2,464  2.7/s  ETA 182min
   13200/43059  saved=10,729  skipped=2,473  2.7/s  ETA 182min
   13250/43059  saved=10,758  skipped=2,494  2.7/s  ETA 182min
   13300/43059  saved=10,779  skipped=2,523  2.7/s  ETA 182min
   13350/43059  saved=10,795  skipped=2,557  2.7/s  ETA
   134
   13400/43059  saved=10,823  skipped=2,579  2.7/s  ETA 181min
   13450/43059  saved=10,844  skipped=2,608  2.7/s  ETA 180min
   13500/43059  saved=10,875  skipped=2,627  2.7/s  ETA 180min
   13550/43059  saved=10,895  skipped=2,657  2.7/s  ETA 180min
   13600/43059  saved=10,909  skipped=2,693  2.7/s  ETA 180min
   13650/43059  saved=10,942  skipped=2,710  2.7/s  ETA 179min
   13700/43059  saved=10,952  skipped=2,750  2.7/s  ETA 178min
   13750/43059  saved=10,989  skipped=2,763  2.7/s  ETA 178min
   13800/43059  saved=11,019  skipped=2,783  2.7/s  ETA 178min
   13850/43059  saved=11,042  skipped=2,810  2.7/s  ETA 177min
   13900/43059  saved=11,053  skipped=2,849  2.8/s  ETA 176min
   13950/43059  saved=11,067  skipped=2,885  2.8/s  ETA 176min
   14000/43059  saved=11,078  skipped=2,924  2.8/s  ETA 175min
   14050/43059  saved=11,091  skipped=2,961  2.8/s  ETA 175min
   14100/43059  saved=11,096  skipped=3,006  2.8/s  ETA 174min
   14150/43059  saved=11,125  skipped=3,027  2.8/s  ETA 174min
   14200/43059  saved=11,140  skipped=3,062  2.8/s  ETA 174min
   14250/43059  saved=11,166  skipped=3,086  2.8/s  ETA 173min
   14300/43059  saved=11,190  skipped=3,112  2.8/s  ETA 173min
   14350/43059  saved=11,206  skipped=3,146  2.8/s  ETA 172min
   14400/43059  saved=11,231  skipped=3,171  2.8/s  ETA 172min
   14450/43059  saved=11,260  skipped=3,192  2.8/s  ETA 171min
   14500/43059  saved=11,281  skipped=3,221  2.8/s  ETA 171min
   14550/43059  saved=11,301  skipped=3,251  2.8/s  ETA 170min
   14600/43059  saved=11,312  skipped=3,290  2.8/s  ETA 169min
   14650/43059  saved=11,323  skipped=3,329  2.8/s  ETA 169min
   14700/43059  saved=11,332  skipped=3,370  2.8/s  ETA 168min
   14750/43059  saved=11,345  skipped=3,407  2.8/s  ETA 168min
   14800/43059  saved=11,358  skipped=3,444  2.8/s  ETA 167min
   14850/43059  saved=11,378  skipped=3,474  2.8/s  ETA 167min
   14900/43059  saved=11,398  skipped=3,504  2.8/s  ETA 166min
   14950/43059  saved=11,421  skipped=3,531  2.8/s  ETA 166min
   15000/43059  saved=11,429  skipped=3,573  2.8/s  ETA 165min
   15050/43059  saved=11,453  skipped=3,599  2.8/s  ETA 165min
   15100/43059  saved=11,477  skipped=3,625  2.8/s  ETA 164min
   15150/43059  saved=11,491  skipped=3,661  2.8/s  ETA 164min
   15200/43059  saved=11,517  skipped=3,685  2.8/s  ETA 163min
   15250/43059  saved=11,541  skipped=3,711  2.8/s  ETA 163min
   15300/43059  saved=11,569  skipped=3,733  2.8/s  ETA 162min
   15350/43059  saved=11,598  skipped=3,754  2.8/s  ETA 162min
   15400/43059  saved=11,619  skipped=3,783  2.9/s  ETA 161min
   15450/43059  saved=11,644  skipped=3,808  2.9/s  ETA 161min
   15500/43059  saved=11,663  skipped=3,839  2.9/s  ETA 160min
   15550/43059  saved=11,677  skipped=3,875  2.9/s  ETA 160min
   15600/43059  saved=11,692  skipped=3,910  2.9/s  ETA 159min
   15650/43059  saved=11,714  skipped=3,938  2.9/s  ETA 159min
   15700/43059  saved=11,740  skipped=3,962  2.9/s  ETA 159min
   15750/43059  saved=11,756  skipped=3,996  2.9/s  ETA 158min
   15800/43059  saved=11,773  skipped=4,029  2.9/s  ETA 158min
   15850/43059  saved=11,796  skipped=4,056  2.9/s  ETA 157min
   15900/43059  saved=11,819  skipped=4,083  2.9/s  ETA 157min
   15950/43059  saved=11,843  skipped=4,109  2.9/s  ETA 156min
   16000/43059  saved=11,857  skipped=4,145  2.9/s  ETA 156min
   16050/43059  saved=11,874  skipped=4,178  2.9/s  ETA 155min
   16100/43059  saved=11,894  skipped=4,208  2.9/s  ETA 154min
   16150/43059  saved=11,931  skipped=4,221  2.9/s  ETA 155min
   16200/43059  saved=11,961  skipped=4,241  2.9/s  ETA 154min
   16250/43059  saved=11,977  skipped=4,275  2.9/s  ETA 154min
   16300/43059  saved=12,002  skipped=4,300  2.9/s  ETA 153min
   16350/43059  saved=12,041  skipped=4,311  2.9/s  ETA 154min
   16400/43059  saved=12,070  skipped=4,332  2.9/s  ETA 153min
   16450/43059  saved=12,086  skipped=4,366  2.9/s  ETA 152min
   16500/43059  saved=12,108  skipped=4,394  2.9/s  ETA 152min
   16550/43059  saved=12,141  skipped=4,411  2.9/s  ETA 152min
   16600/43059  saved=12,168  skipped=4,434  2.9/s  ETA 152min
   16650/43059  saved=12,190  skipped=4,462  2.9/s  ETA 151min
   16700/43059  saved=12,208  skipped=4,494  2.9/s  ETA 151min
   16750/43059  saved=12,226  skipped=4,526  2.9/s  ETA 150min
   16800/43059  saved=12,240  skipped=4,562  2.9/s  ETA 149min
   16850/43059  saved=12,256  skipped=4,596  2.9/s  ETA 149min
   16900/43059  saved=12,281  skipped=4,621  2.9/s  ETA 149min
   16950/43059  saved=12,295  skipped=4,657  2.9/s  ETA 148min
   17000/43059  saved=12,305  skipped=4,697  2.9/s  ETA 148min
   17050/43059  saved=12,317  skipped=4,735  2.9/s  ETA 147min
   17100/43059  saved=12,334  skipped=4,768  2.9/s  ETA 147min
   17150/43059  saved=12,352  skipped=4,800  3.0/s  ETA 146min
   17200/43059  saved=12,368  skipped=4,834  3.0/s  ETA 146min
   17250/43059  saved=12,382  skipped=4,870  3.0/s  ETA 145min
   17300/43059  saved=12,395  skipped=4,907  3.0/s  ETA 145min
   17350/43059  saved=12,415  skipped=4,937  3.0/s  ETA 144min
   17400/43059  saved=12,443  skipped=4,959  3.0/s  ETA 144min
   17450/43059  saved=12,479  skipped=4,973  3.0/s  ETA 144min
   17500/43059  saved=12,512  skipped=4,990  3.0/s  ETA 144min
   17550/43059  saved=12,543  skipped=5,009  3.0/s  ETA 144min
   17600/43059  saved=12,557  skipped=5,045  3.0/s  ETA 144min
   17650/43059  saved=12,584  skipped=5,068  3.0/s  ETA 143min
   17700/43059  saved=12,606  skipped=5,096  3.0/s  ETA 143min
   17750/43059  saved=12,622  skipped=5,130  3.0/s  ETA 142min
   17800/43059  saved=12,658  skipped=5,144  3.0/s  ETA 142min
   17850/43059  saved=12,671  skipped=5,181  3.0/s  ETA 142min
   17900/43059  saved=12,690  skipped=5,212  3.0/s  ETA 141min
   17950/43059  saved=12,723  skipped=5,229  3.0/s  ETA 141min
   18000/43059  saved=12,735  skipped=5,267  3.0/s  ETA 141min
   18050/43059  saved=12,757  skipped=5,295  3.0/s  ETA 140min
   18100/43059  saved=12,772  skipped=5,330  3.0/s  ETA 140min
   18150/43059  saved=12,803  skipped=5,349  3.0/s  ETA 140min
   18200/43059  saved=12,847  skipped=5,355  3.0/s  ETA 140min
   18250/43059  saved=12,891  skipped=5,361  2.9/s  ETA 140min
   18300/43059  saved=12,895  skipped=5,407  2.9/s  ETA 140min
   18350/43059  saved=12,918  skipped=5,434  2.9/s  ETA 140min
   18400/43059  saved=12,952  skipped=5,450  2.9/s  ETA 140min
   18450/43059  saved=12,979  skipped=5,473  2.9/s  ETA 140min
   18500/43059  saved=13,001  skipped=5,501  2.9/s  ETA 139min
   18550/43059  saved=13,015  skipped=5,537  2.9/s  ETA 139min
   18600/43059  saved=13,053  skipped=5,549  2.9/s  ETA 139min
   18650/43059  saved=13,093  skipped=5,559  2.9/s  ETA 139min
   18700/43059  saved=13,118  skipped=5,584  2.9/s  ETA 139min
   18750/43059  saved=13,143  skipped=5,609  2.9/s  ETA 138min
   18800/43059  saved=13,164  skipped=5,638  2.9/s  ETA 138min
   18850/43059  saved=13,192  skipped=5,660  2.9/s  ETA 138min
   18900/43059  saved=13,210  skipped=5,692  2.9/s  ETA 137min
   18950/43059  saved=13,234  skipped=5,718  2.9/s  ETA 137min
   19000/43059  saved=13,268  skipped=5,734  2.9/s  ETA 137min
   19050/43059  saved=13,305  skipped=5,747  2.9/s  ETA 137min
   19100/43059  saved=13,342  skipped=5,760  2.9/s  ETA 137min
   19150/43059  saved=13,381  skipped=5,771  2.9/s  ETA 137min
   19200/43059  saved=13,405  skipped=5,797  2.9/s  ETA 136min
   19250/43059  saved=13,437  skipped=5,815  2.9/s  ETA 136min
   19300/43059  saved=13,479  skipped=5,823  2.9/s  ETA 137min
   19350/43059  saved=13,512  skipped=5,840  2.9/s  ETA 137min
   19400/43059  saved=13,540  skipped=5,862  2.9/s  ETA 136min
   19450/43059  saved=13,559  skipped=5,893  2.9/s  ETA 136min
   19500/43059  saved=13,578  skipped=5,924  2.9/s  ETA 136min
   19550/43059  saved=13,592  skipped=5,960  2.9/s  ETA 135min
   19600/43059  saved=13,620  skipped=5,982  2.9/s  ETA 135min
   19650/43059  saved=13,648  skipped=6,004  2.9/s  ETA 135min
   19700/43059  saved=13,662  skipped=6,040  2.9/s  ETA 135min
   19750/43059  saved=13,683  skipped=6,069  2.9/s  ETA 134min
   19800/43059  saved=13,698  skipped=6,104  2.9/s  ETA 134min
   19850/43059  saved=13,718  skipped=6,134  2.9/s  ETA 133min
   19900/43059  saved=13,745  skipped=6,157  2.9/s  ETA
   199
   19950/43059  saved=13,762  skipped=6,190  2.9/s  ETA 132min
   20000/43059  saved=13,771  skipped=6,231  2.9/s  ETA 132min
   20050/43059  saved=13,787  skipped=6,265  2.9/s  ETA 131min
   20100/43059  saved=13,794  skipped=6,308  2.9/s  ETA 131min
   20150/43059  saved=13,809  skipped=6,343  2.9/s  ETA 131min
   20200/43059  saved=13,810  skipped=6,392  2.9/s  ETA 130min
   20250/43059  saved=13,830  skipped=6,422  2.9/s  ETA 130min
   20300/43059  saved=13,837  skipped=6,465  2.9/s  ETA 129min
   20350/43059  saved=13,856  skipped=6,496  2.9/s  ETA 129min
   20400/43059  saved=13,880  skipped=6,522  2.9/s  ETA 129min
   20450/43059  saved=13,903  skipped=6,549  2.9/s  ETA 128min
   20500/43059  saved=13,911  skipped=6,591  2.9/s  ETA 128min
   20550/43059  saved=13,932  skipped=6,620  2.9/s  ETA 128min
   20600/43059  saved=13,953  skipped=6,649  2.9/s  ETA 127min
   20650/43059  saved=13,973  skipped=6,679  2.9/s  ETA 127min
   20700/43059  saved=13,982  skipped=6,720  2.9/s  ETA 126min
   20750/43059  saved=13,997  skipped=6,755  3.0/s  ETA 126min
   20800/43059  saved=14,015  skipped=6,787  3.0/s  ETA 125min
   20850/43059  saved=14,025  skipped=6,827  3.0/s  ETA 125min
   20900/43059  saved=14,048  skipped=6,854  3.0/s  ETA 125min
   20950/43059  saved=14,080  skipped=6,872  3.0/s  ETA 125min
   21000/43059  saved=14,105  skipped=6,897  3.0/s  ETA 124min
   21050/43059  saved=14,124  skipped=6,928  3.0/s  ETA 124min
   21100/43059  saved=14,145  skipped=6,957  3.0/s  ETA 123min
   21150/43059  saved=14,169  skipped=6,983  3.0/s  ETA 123min
   21200/43059  saved=14,188  skipped=7,014  3.0/s  ETA 122min
   21250/43059  saved=14,210  skipped=7,042  3.0/s  ETA 122min
   21300/43059  saved=14,219  skipped=7,083  3.0/s  ETA 122min
   21350/43059  saved=14,237  skipped=7,115  3.0/s  ETA 122min
   21400/43059  saved=14,259  skipped=7,143  3.0/s  ETA 121min
   21450/43059  saved=14,273  skipped=7,179  3.0/s  ETA 121min
   21500/43059  saved=14,289  skipped=7,213  3.0/s  ETA 120min
   21550/43059  saved=14,300  skipped=7,252  3.0/s  ETA 120min
   21600/43059  saved=14,318  skipped=7,284  3.0/s  ETA 119min
   21650/43059  saved=14,340  skipped=7,312  3.0/s  ETA 119min
   21700/43059  saved=14,357  skipped=7,345  3.0/s  ETA 118min
   21750/43059  saved=14,373  skipped=7,379  3.0/s  ETA 118min
   21800/43059  saved=14,388  skipped=7,414  3.0/s  ETA 117min
   21850/43059  saved=14,417  skipped=7,435  3.0/s  ETA 117min
   21900/43059  saved=14,428  skipped=7,474  3.0/s  ETA 117min
   21950/43059  saved=14,459  skipped=7,493  3.0/s  ETA 116min
   22000/43059  saved=14,470  skipped=7,532  3.0/s  ETA 116min
   22050/43059  saved=14,495  skipped=7,557  3.0/s  ETA 116min
   22100/43059  saved=14,517  skipped=7,585  3.0/s  ETA 115min
   22150/43059  saved=14,538  skipped=7,614  3.0/s  ETA 115min
   22200/43059  saved=14,563  skipped=7,639  3.0/s  ETA 114min
   22250/43059  saved=14,592  skipped=7,660  3.0/s  ETA 114min
   22300/43059  saved=14,604  skipped=7,698  3.0/s  ETA 114min
   22350/43059  saved=14,619  skipped=7,733  3.0/s  ETA 113min
   22400/43059  saved=14,638  skipped=7,764  3.1/s  ETA 113min
   22450/43059  saved=14,657  skipped=7,795  3.1/s  ETA 112min
   22500/43059  saved=14,682  skipped=7,820  3.1/s  ETA 112min
   22550/43059  saved=14,694  skipped=7,858  3.1/s  ETA 112min
   22600/43059  saved=14,716  skipped=7,886  3.1/s  ETA 111min
   22650/43059  saved=14,735  skipped=7,917  3.1/s  ETA 111min
   22700/43059  saved=14,768  skipped=7,934  3.1/s  ETA 111min
   22750/43059  saved=14,792  skipped=7,960  3.1/s  ETA 111min
   22800/43059  saved=14,810  skipped=7,992  3.1/s  ETA 110min
   22850/43059  saved=14,830  skipped=8,022  3.1/s  ETA 110min
   22900/43059  saved=14,867  skipped=8,035  3.1/s  ETA 110min
   22950/43059  saved=14,909  skipped=8,043  3.0/s  ETA 110min
   23000/43059  saved=14,955  skipped=8,047  3.0/s  ETA 110min
   23050/43059  saved=14,988  skipped=8,064  3.0/s  ETA 110min
   23100/43059  saved=15,003  skipped=8,099  3.0/s  ETA 110min
   23150/43059  saved=15,023  skipped=8,129  3.0/s  ETA 109min
   23200/43059  saved=15,027  skipped=8,175  3.0/s  ETA 109min
   23250/43059  saved=15,057  skipped=8,195  3.0/s  ETA 109min
   23300/43059  saved=15,081  skipped=8,221  3.0/s  ETA 109min
   23350/43059  saved=15,119  skipped=8,233  3.0/s  ETA 109min
   23400/43059  saved=15,167  skipped=8,235  3.0/s  ETA 109min
   23450/43059  saved=15,199  skipped=8,253  3.0/s  ETA 109min
   23500/43059  saved=15,222  skipped=8,280  3.0/s  ETA 108min
   23550/43059  saved=15,245  skipped=8,307  3.0/s  ETA 108min
   23600/43059  saved=15,261  skipped=8,341  3.0/s  ETA 108min
   23650/43059  saved=15,279  skipped=8,373  3.0/s  ETA 107min
   23700/43059  saved=15,299  skipped=8,403  3.0/s  ETA 107min
   23750/43059  saved=15,310  skipped=8,442  3.0/s  ETA 107min
   23800/43059  saved=15,336  skipped=8,466  3.0/s  ETA 106min
   23850/43059  saved=15,358  skipped=8,494  3.0/s  ETA 106min
   23900/43059  saved=15,383  skipped=8,519  3.0/s  ETA 105min
   23950/43059  saved=15,403  skipped=8,549  3.0/s  ETA 105min
   24000/43059  saved=15,417  skipped=8,585  3.0/s  ETA 105min
   24050/43059  saved=15,437  skipped=8,615  3.0/s  ETA 104min
   24100/43059  saved=15,463  skipped=8,639  3.0/s  ETA 104min
   24150/43059  saved=15,486  skipped=8,666  3.0/s  ETA 104min
   24200/43059  saved=15,518  skipped=8,684  3.0/s  ETA 104min
   24250/43059  saved=15,542  skipped=8,710  3.0/s  ETA 103min
   24300/43059  saved=15,563  skipped=8,739  3.0/s  ETA 103min
   24350/43059  saved=15,594  skipped=8,758  3.0/s  ETA 103min
   24400/43059  saved=15,626  skipped=8,776  3.0/s  ETA 103min
   24450/43059  saved=15,653  skipped=8,799  3.0/s  ETA 102min
   24500/43059  saved=15,679  skipped=8,823  3.0/s  ETA 102min
   24550/43059  saved=15,690  skipped=8,862  3.0/s  ETA 101min
   24600/43059  saved=15,709  skipped=8,893  3.0/s  ETA 101min
   24650/43059  saved=15,728  skipped=8,924  3.0/s  ETA 101min
   24700/43059  saved=15,752  skipped=8,950  3.0/s  ETA 100min
   24750/43059  saved=15,780  skipped=8,972  3.0/s  ETA 100min
   24800/43059  saved=15,788  skipped=9,014  3.0/s  ETA 100min
   24850/43059  saved=15,818  skipped=9,034  3.0/s  ETA 100min
   24900/43059  saved=15,858  skipped=9,044  3.0/s  ETA 100min
   24950/43059  saved=15,887  skipped=9,065  3.0/s  ETA 99min
   25000/43059  saved=15,912  skipped=9,090  3.0/s  ETA 99min
   25050/43059  saved=15,928  skipped=9,124  3.0/s  ETA 99min
   25100/43059  saved=15,963  skipped=9,139  3.0/s  ETA 99min
   25150/43059  saved=15,986  skipped=9,166  3.0/s  ETA 98min
   25200/43059  saved=16,024  skipped=9,178  3.0/s  ETA 98min
   25250/43059  saved=16,054  skipped=9,198  3.0/s  ETA 98min
   25300/43059  saved=16,079  skipped=9,223  3.0/s  ETA 98min
   25350/43059  saved=16,098  skipped=9,254  3.0/s  ETA 97min
   25400/43059  saved=16,119  skipped=9,283  3.0/s  ETA 97min
   25450/43059  saved=16,129  skipped=9,323  3.0/s  ETA 97min
   25500/43059  saved=16,145  skipped=9,357  3.0/s  ETA 96min
   25550/43059  saved=16,158  skipped=9,394  3.0/s  ETA 96min
   25600/43059  saved=16,181  skipped=9,421  3.0/s  ETA 96min
   25650/43059  saved=16,204  skipped=9,448  3.0/s  ETA 95min
   25700/43059  saved=16,216  skipped=9,486  3.1/s  ETA 95min
   25750/43059  saved=16,239  skipped=9,513  3.1/s  ETA 95min
   25800/43059  saved=16,253  skipped=9,549  3.1/s  ETA 94min
   25850/43059  saved=16,268  skipped=9,584  3.1/s  ETA 94min
   25900/43059  saved=16,287  skipped=9,615  3.1/s  ETA 94min
   25950/43059  saved=16,319  skipped=9,633  3.1/s  ETA 93min
   26000/43059  saved=16,342  skipped=9,660  3.1/s  ETA 93min
   26050/43059  saved=16,359  skipped=9,693  3.1/s  ETA 93min
   26100/43059  saved=16,377  skipped=9,725  3.1/s  ETA 92min
   26150/43059  saved=16,401  skipped=9,751  3.1/s  ETA 92min
   26200/43059  saved=16,425  skipped=9,777  3.1/s  ETA 92min
   26250/43059  saved=16,456  skipped=9,796  3.1/s  ETA 91min
   26300/43059  saved=16,478  skipped=9,824  3.1/s  ETA 91min
   26350/43059  saved=16,501  skipped=9,851  3.1/s  ETA 91min
   26400/43059  saved=16,518  skipped=9,884  3.1/s  ETA 90min
   26450/43059  saved=16,546  skipped=9,906  3.1/s  ETA 90min